<?xml version="1.0" encoding="UTF-8"?>
<!-- Generated by org.testng.reporters.JUnitReportReporter -->
<testsuite hostname="gviswamitra-pc" name="com.amazon.bangalore.projectselenium.feature3.SearchCategoryFeatureTest" tests="1" failures="0" timestamp="3 May 2020 16:22:14 GMT" time="7.790" errors="0">
  <testcase name="testPlaceOrderAndThenLoginWithCategorySearch" time="7.790" classname="com.amazon.bangalore.projectselenium.feature3.SearchCategoryFeatureTest"/>
</testsuite> <!-- com.amazon.bangalore.projectselenium.feature3.SearchCategoryFeatureTest -->
